# Logfile created on 2021-02-26 14:42:21 -0800 by logger.rb/66358
I, [2021-02-26T14:42:21.993288 #56765]  INFO -- : Running action -array_append- on event 1003
I, [2021-02-26T14:42:21.993333 #56765]  INFO -- : run action results
I, [2021-02-26T14:42:21.993359 #56765]  INFO -- : [["a", "value"]]
I, [2021-02-26T14:42:21.993582 #56765]  INFO -- : Running action -drop_event- on event 1002
I, [2021-02-26T14:42:21.993638 #56765]  INFO -- : dropping
I, [2021-02-26T14:42:21.993663 #56765]  INFO -- : run action results
I, [2021-02-26T14:42:21.993684 #56765]  INFO -- : [nil]
I, [2021-02-26T14:42:21.993838 #56765]  INFO -- : Condition met for event: 1002
I, [2021-02-26T14:42:21.993881 #56765]  INFO -- : {"begin_ts"=>"2020-09-16 15:00:54.485", "end_ts"=>"2020-09-16 15:00:58.338", "fan_extension_version"=>"1.05", "id"=>1002, "is_in_browser"=>true, "page_host"=>"app.gusto.com", "page_title"=>"Home - Gusto", "page_url"=>"https://app.gusto.com/home", "ui_events"=>{"n_keypress"=>0, "n_mouse_click"=>0, "n_mouse_move"=>2, "n_mouse_scroll"=>0}, "user_id"=>56182}
I, [2021-02-26T14:42:21.993907 #56765]  INFO -- : {:left=>["ui_events", "n_mouse_move"], :right=>2, :operator=>"equal_to"}
I, [2021-02-26T14:42:21.994081 #56765]  INFO -- : Condition met for event: 1002
I, [2021-02-26T14:42:21.994122 #56765]  INFO -- : {"begin_ts"=>"2020-09-16 15:00:54.485", "end_ts"=>"2020-09-16 15:00:58.338", "fan_extension_version"=>"1.05", "id"=>1002, "is_in_browser"=>true, "page_host"=>"app.gusto.com", "page_title"=>"Home - Gusto", "page_url"=>"https://app.gusto.com/home", "ui_events"=>{"n_keypress"=>0, "n_mouse_click"=>0, "n_mouse_move"=>3, "n_mouse_scroll"=>0}, "user_id"=>56182}
I, [2021-02-26T14:42:21.994146 #56765]  INFO -- : {:left=>["ui_events", "n_mouse_move"], :right=>2, :operator=>"greater_than"}
I, [2021-02-26T14:42:21.994264 #56765]  INFO -- : Condition met for event: 1002
I, [2021-02-26T14:42:21.994303 #56765]  INFO -- : {"begin_ts"=>"2020-09-16 15:00:54.485", "end_ts"=>"2020-09-16 15:00:58.338", "fan_extension_version"=>"1.05", "id"=>1002, "is_in_browser"=>true, "page_host"=>"app.gusto.com", "page_title"=>"Home - Gusto", "page_url"=>"https://app.gusto.com/home", "ui_events"=>{"n_keypress"=>0, "n_mouse_click"=>0, "n_mouse_move"=>3, "n_mouse_scroll"=>0}, "user_id"=>56182}
I, [2021-02-26T14:42:21.994327 #56765]  INFO -- : {:left=>["ui_events", "n_mouse_move"], :right=>2, :operator=>"greater_than_equal"}
I, [2021-02-26T14:42:21.994403 #56765]  INFO -- : Condition met for event: 1002
I, [2021-02-26T14:42:21.994440 #56765]  INFO -- : {"begin_ts"=>"2020-09-16 15:00:54.485", "end_ts"=>"2020-09-16 15:00:58.338", "fan_extension_version"=>"1.05", "id"=>1002, "is_in_browser"=>true, "page_host"=>"app.gusto.com", "page_title"=>"Home - Gusto", "page_url"=>"https://app.gusto.com/home", "ui_events"=>{"n_keypress"=>0, "n_mouse_click"=>0, "n_mouse_move"=>3, "n_mouse_scroll"=>0}, "user_id"=>56182}
I, [2021-02-26T14:42:21.994463 #56765]  INFO -- : {:left=>["ui_events", "n_mouse_move"], :right=>3, :operator=>"greater_than_equal"}
I, [2021-02-26T14:42:21.994578 #56765]  INFO -- : Condition met for event: 1002
I, [2021-02-26T14:42:21.994617 #56765]  INFO -- : {"begin_ts"=>"2020-09-16 15:00:54.485", "end_ts"=>"2020-09-16 15:00:58.338", "fan_extension_version"=>"1.05", "id"=>1002, "is_in_browser"=>true, "page_host"=>"app.gusto.com", "page_title"=>"Home - Gusto", "page_url"=>"https://app.gusto.com/home", "ui_events"=>{"n_keypress"=>0, "n_mouse_click"=>0, "n_mouse_move"=>1, "n_mouse_scroll"=>0}, "user_id"=>56182}
I, [2021-02-26T14:42:21.994641 #56765]  INFO -- : {:left=>["ui_events", "n_mouse_move"], :right=>2, :operator=>"less_than"}
I, [2021-02-26T14:42:21.994704 #56765]  INFO -- : Condition met for event: 1002
I, [2021-02-26T14:42:21.994751 #56765]  INFO -- : {"begin_ts"=>"2020-09-16 15:00:54.485", "end_ts"=>"2020-09-16 15:00:58.338", "fan_extension_version"=>"1.05", "id"=>1002, "is_in_browser"=>true, "page_host"=>"app.gusto.com", "page_title"=>"Home - Gusto", "page_url"=>"https://app.gusto.com/home", "ui_events"=>{"n_keypress"=>0, "n_mouse_click"=>0, "n_mouse_move"=>1, "n_mouse_scroll"=>0}, "user_id"=>56182}
I, [2021-02-26T14:42:21.994787 #56765]  INFO -- : {:left=>["ui_events", "n_mouse_move"], :right=>1, :operator=>"less_than_equal"}
I, [2021-02-26T14:42:21.994902 #56765]  INFO -- : Condition met for event: 1002
I, [2021-02-26T14:42:21.994937 #56765]  INFO -- : {"begin_ts"=>"2020-09-16 15:00:54.485", "end_ts"=>"2020-09-16 15:00:58.338", "fan_extension_version"=>"1.05", "id"=>1002, "is_in_browser"=>true, "page_host"=>"app.gusto.com", "page_title"=>"Home - Gusto", "page_url"=>"https://app.gusto.com/home", "ui_events"=>{"n_keypress"=>0, "n_mouse_click"=>0, "n_mouse_move"=>1, "n_mouse_scroll"=>0}, "user_id"=>56182}
I, [2021-02-26T14:42:21.994958 #56765]  INFO -- : {:left=>["ui_events", "n_mouse_move"], :right=>2, :operator=>"less_than_equal"}
I, [2021-02-26T14:42:21.995017 #56765]  INFO -- : Condition met for event: 1002
I, [2021-02-26T14:42:21.995050 #56765]  INFO -- : {"begin_ts"=>"2020-09-16 15:00:54.485", "end_ts"=>"2020-09-16 15:00:58.338", "fan_extension_version"=>"1.05", "id"=>1002, "is_in_browser"=>true, "page_host"=>"app.gusto.com", "page_title"=>"Home - Gusto", "page_url"=>"https://app.gusto.com/home", "ui_events"=>{"n_keypress"=>0, "n_mouse_click"=>0, "n_mouse_move"=>1, "n_mouse_scroll"=>0}, "user_id"=>56182}
I, [2021-02-26T14:42:21.995070 #56765]  INFO -- : {:left=>["ui_events", "n_mouse_move"], :right=>1, :operator=>"less_than_equal"}
I, [2021-02-26T14:42:21.995193 #56765]  INFO -- : Condition met for event: 1002
I, [2021-02-26T14:42:21.995229 #56765]  INFO -- : {"begin_ts"=>"2020-09-16 15:00:54.485", "end_ts"=>"2020-09-16 15:00:58.338", "fan_extension_version"=>"1.05", "id"=>1002, "is_in_browser"=>true, "page_host"=>"app.gusto.com", "page_title"=>"Home - Gusto", "page_url"=>"https://app.gusto.com/home", "ui_events"=>{"n_keypress"=>0, "n_mouse_click"=>0, "n_mouse_move"=>3, "n_mouse_scroll"=>0}, "user_id"=>56182}
I, [2021-02-26T14:42:21.995252 #56765]  INFO -- : {:left=>["ui_events", "n_mouse_move"], :right=>2, :operator=>"not_equal_to"}
I, [2021-02-26T14:42:21.995371 #56765]  INFO -- : Condition met for event: 1002
I, [2021-02-26T14:42:21.995418 #56765]  INFO -- : {"begin_ts"=>"2020-09-16 15:00:54.485", "end_ts"=>"2020-09-16 15:00:58.338", "fan_extension_version"=>"1.05", "id"=>1002, "is_in_browser"=>true, "page_host"=>"app.gusto.com", "page_title"=>"Home - Gusto", "page_url"=>"https://app.gusto.com/home", "ui_events"=>{"n_keypress"=>0, "n_mouse_click"=>0, "n_mouse_move"=>1, "n_mouse_scroll"=>0}, "user_id"=>56182}
I, [2021-02-26T14:42:21.995439 #56765]  INFO -- : {:left=>["page_host"], :right=>".*\\.gusto\\.com$", :operator=>"matches_regex"}
I, [2021-02-26T14:42:21.995545 #56765]  INFO -- : Running action -regex_replace- on event 1003
I, [2021-02-26T14:42:21.995568 #56765]  INFO -- : Action: regex_replace
I, [2021-02-26T14:42:21.995583 #56765]  INFO -- : replacing
I, [2021-02-26T14:42:21.995626 #56765]  INFO -- : {:action=>"regex_replace", :key_path=>["page_title"], :pattern=>"(- Ticket \\d+)", :replacement=>"---", :value=>nil, :overwrite=>nil}
I, [2021-02-26T14:42:21.995682 #56765]  INFO -- : run action results
I, [2021-02-26T14:42:21.995705 #56765]  INFO -- : ["Zendesk ---"]
I, [2021-02-26T14:42:21.997584 #56765]  INFO -- : Running action -write_field- on event 1003
I, [2021-02-26T14:42:21.997618 #56765]  INFO -- : Action: write_field
I, [2021-02-26T14:42:21.997642 #56765]  INFO -- : no update
I, [2021-02-26T14:42:21.997661 #56765]  INFO -- : run action results
I, [2021-02-26T14:42:21.997680 #56765]  INFO -- : [false]
I, [2021-02-26T14:42:21.997753 #56765]  INFO -- : Running action -write_field- on event 1003
I, [2021-02-26T14:42:21.997777 #56765]  INFO -- : Action: write_field
I, [2021-02-26T14:42:21.997797 #56765]  INFO -- : updating event
I, [2021-02-26T14:42:21.997815 #56765]  INFO -- : run action results
I, [2021-02-26T14:42:21.997848 #56765]  INFO -- : [{"begin_ts"=>"2020-09-16 15:00:58.16", "end_ts"=>"2020-09-16 15:01:01.456", "fan_extension_version"=>"1.05", "id"=>1003, "is_in_browser"=>true, "page_host"=>"fan.zendesk.com", "page_title"=>"Zendesk (- Ticket 1234)", "page_url"=>"https://fan.zendesk.com/ticket/1234", "ui_events"=>{"n_keypress"=>62, "n_mouse_click"=>0, "n_mouse_move"=>10, "n_mouse_scroll"=>1}, "user_id"=>56183, "tags"=>[]}]
I, [2021-02-26T14:42:21.997925 #56765]  INFO -- : Running action -write_field- on event 1003
I, [2021-02-26T14:42:21.997947 #56765]  INFO -- : Action: write_field
I, [2021-02-26T14:42:21.997963 #56765]  INFO -- : updating event
I, [2021-02-26T14:42:21.997977 #56765]  INFO -- : run action results
I, [2021-02-26T14:42:21.998008 #56765]  INFO -- : [{"begin_ts"=>"2020-09-16 15:00:58.16", "end_ts"=>"2020-09-16 15:01:01.456", "fan_extension_version"=>"1.05", "id"=>1003, "is_in_browser"=>true, "page_host"=>"fan.zendesk.com", "page_title"=>"Zendesk (- Ticket 1234)", "page_url"=>"https://fan.zendesk.com/ticket/1234", "ui_events"=>{"n_keypress"=>62, "n_mouse_click"=>0, "n_mouse_move"=>10, "n_mouse_scroll"=>1}, "user_id"=>56183, "tags"=>[]}]
I, [2021-02-26T14:42:31.914317 #56767]  INFO -- : Processing event 1001
I, [2021-02-26T14:42:31.914431 #56767]  INFO -- : Condition met for event: 1001
I, [2021-02-26T14:42:31.914474 #56767]  INFO -- : {"begin_ts"=>"2020-09-16 15:00:54.445", "end_ts"=>"2020-09-16 15:00:58.16", "fan_extension_version"=>"1.05", "id"=>1001, "is_in_browser"=>true, "page_host"=>"analytics.fan.com", "page_title"=>"Home - fan Analytics", "page_url"=>"https://analytics.fan.com/home", "ui_events"=>{"n_keypress"=>0, "n_mouse_click"=>0, "n_mouse_move"=>0, "n_mouse_scroll"=>0}, "user_id"=>56183}
I, [2021-02-26T14:42:31.914502 #56767]  INFO -- : {:left=>["ui_events", "n_mouse_move"], :right=>0, :operator=>"less_than_equal"}
I, [2021-02-26T14:42:31.914523 #56767]  INFO -- : condition result
I, [2021-02-26T14:42:31.914540 #56767]  INFO -- : true
I, [2021-02-26T14:42:31.914565 #56767]  INFO -- : Running action -drop_event- on event 1001
I, [2021-02-26T14:42:31.914584 #56767]  INFO -- : dropping
I, [2021-02-26T14:42:31.914600 #56767]  INFO -- : run action results
I, [2021-02-26T14:42:31.914617 #56767]  INFO -- : [nil]
I, [2021-02-26T14:42:31.914662 #56767]  INFO -- : condition result
I, [2021-02-26T14:42:31.914681 #56767]  INFO -- : false
I, [2021-02-26T14:42:31.914728 #56767]  INFO -- : condition result
I, [2021-02-26T14:42:31.914748 #56767]  INFO -- : false
I, [2021-02-26T14:42:31.914764 #56767]  INFO -- : RESULTS
I, [2021-02-26T14:42:31.914796 #56767]  INFO -- : {"begin_ts"=>"2020-09-16 15:00:54.445", "end_ts"=>"2020-09-16 15:00:58.16", "fan_extension_version"=>"1.05", "id"=>1001, "is_in_browser"=>true, "page_host"=>"analytics.fan.com", "page_title"=>"Home - fan Analytics", "page_url"=>"https://analytics.fan.com/home", "ui_events"=>{"n_keypress"=>0, "n_mouse_click"=>0, "n_mouse_move"=>0, "n_mouse_scroll"=>0}, "user_id"=>56183}
I, [2021-02-26T14:42:31.914842 #56767]  INFO -- : Processing event 1002
I, [2021-02-26T14:42:31.914883 #56767]  INFO -- : Condition met for event: 1002
I, [2021-02-26T14:42:31.915527 #56767]  INFO -- : {"begin_ts"=>"2020-09-16 15:00:54.485", "end_ts"=>"2020-09-16 15:00:58.338", "fan_extension_version"=>"1.05", "id"=>1002, "is_in_browser"=>true, "page_host"=>"app.gusto.com", "page_title"=>"Home - Gusto", "page_url"=>"https://app.gusto.com/home", "ui_events"=>{"n_keypress"=>0, "n_mouse_click"=>0, "n_mouse_move"=>1, "n_mouse_scroll"=>0}, "user_id"=>56182}
I, [2021-02-26T14:42:31.915644 #56767]  INFO -- : {:left=>["page_host"], :right=>".*\\.gusto\\.com$", :operator=>"matches_regex"}
I, [2021-02-26T14:42:31.915681 #56767]  INFO -- : condition result
I, [2021-02-26T14:42:31.915701 #56767]  INFO -- : true
I, [2021-02-26T14:42:31.915725 #56767]  INFO -- : Running action -drop_event- on event 1002
I, [2021-02-26T14:42:31.915743 #56767]  INFO -- : dropping
I, [2021-02-26T14:42:31.915759 #56767]  INFO -- : run action results
I, [2021-02-26T14:42:31.915775 #56767]  INFO -- : [nil]
I, [2021-02-26T14:42:31.915821 #56767]  INFO -- : condition result
I, [2021-02-26T14:42:31.915840 #56767]  INFO -- : false
I, [2021-02-26T14:42:31.915885 #56767]  INFO -- : condition result
I, [2021-02-26T14:42:31.915904 #56767]  INFO -- : false
I, [2021-02-26T14:42:31.915920 #56767]  INFO -- : RESULTS
I, [2021-02-26T14:42:31.915962 #56767]  INFO -- : {"begin_ts"=>"2020-09-16 15:00:54.485", "end_ts"=>"2020-09-16 15:00:58.338", "fan_extension_version"=>"1.05", "id"=>1002, "is_in_browser"=>true, "page_host"=>"app.gusto.com", "page_title"=>"Home - Gusto", "page_url"=>"https://app.gusto.com/home", "ui_events"=>{"n_keypress"=>0, "n_mouse_click"=>0, "n_mouse_move"=>1, "n_mouse_scroll"=>0}, "user_id"=>56182}
I, [2021-02-26T14:42:31.916008 #56767]  INFO -- : Processing event 1003
I, [2021-02-26T14:42:31.916047 #56767]  INFO -- : condition result
I, [2021-02-26T14:42:31.916064 #56767]  INFO -- : false
I, [2021-02-26T14:42:31.916094 #56767]  INFO -- : Condition met for event: 1003
I, [2021-02-26T14:42:31.916124 #56767]  INFO -- : {"begin_ts"=>"2020-09-16 15:00:58.16", "end_ts"=>"2020-09-16 15:01:01.456", "fan_extension_version"=>"1.05", "id"=>1003, "is_in_browser"=>true, "page_host"=>"fan.zendesk.com", "page_title"=>"Zendesk - Ticket 1234", "page_url"=>"https://fan.zendesk.com/ticket/1234", "ui_events"=>{"n_keypress"=>62, "n_mouse_click"=>0, "n_mouse_move"=>10, "n_mouse_scroll"=>1}, "user_id"=>56183}
I, [2021-02-26T14:42:31.916143 #56767]  INFO -- : {:left=>["page_title"], :right=>".*Ticket \\d+", :operator=>"matches_regex"}
I, [2021-02-26T14:42:31.916171 #56767]  INFO -- : Condition met for event: 1003
I, [2021-02-26T14:42:31.916198 #56767]  INFO -- : {"begin_ts"=>"2020-09-16 15:00:58.16", "end_ts"=>"2020-09-16 15:01:01.456", "fan_extension_version"=>"1.05", "id"=>1003, "is_in_browser"=>true, "page_host"=>"fan.zendesk.com", "page_title"=>"Zendesk - Ticket 1234", "page_url"=>"https://fan.zendesk.com/ticket/1234", "ui_events"=>{"n_keypress"=>62, "n_mouse_click"=>0, "n_mouse_move"=>10, "n_mouse_scroll"=>1}, "user_id"=>56183}
I, [2021-02-26T14:42:31.916216 #56767]  INFO -- : {:left=>["page_host"], :right=>".*\\.zendesk\\.com$", :operator=>"matches_regex"}
I, [2021-02-26T14:42:31.916230 #56767]  INFO -- : condition result
I, [2021-02-26T14:42:31.916243 #56767]  INFO -- : true
I, [2021-02-26T14:42:31.916262 #56767]  INFO -- : Running action -regex_replace- on event 1003
I, [2021-02-26T14:42:31.916277 #56767]  INFO -- : Action: regex_replace
I, [2021-02-26T14:42:31.916289 #56767]  INFO -- : replacing
I, [2021-02-26T14:42:31.916310 #56767]  INFO -- : {:action=>"regex_replace", :key_path=>["page_title"], :pattern=>"(- Ticket \\d+)", :replacement=>"---", :value=>nil, :overwrite=>nil}
I, [2021-02-26T14:42:31.916338 #56767]  INFO -- : run action results
I, [2021-02-26T14:42:31.916354 #56767]  INFO -- : [nil]
I, [2021-02-26T14:42:31.916383 #56767]  INFO -- : Condition met for event: 1003
I, [2021-02-26T14:42:31.916411 #56767]  INFO -- : {"begin_ts"=>"2020-09-16 15:00:58.16", "end_ts"=>"2020-09-16 15:01:01.456", "fan_extension_version"=>"1.05", "id"=>1003, "is_in_browser"=>true, "page_host"=>"fan.zendesk.com", "page_title"=>"Zendesk - Ticket 1234", "page_url"=>"https://fan.zendesk.com/ticket/1234", "ui_events"=>{"n_keypress"=>62, "n_mouse_click"=>0, "n_mouse_move"=>10, "n_mouse_scroll"=>1}, "user_id"=>56183}
I, [2021-02-26T14:42:31.916429 #56767]  INFO -- : {:left=>["page_host"], :right=>".*\\.zendesk\\.com$", :operator=>"matches_regex"}
I, [2021-02-26T14:42:31.916463 #56767]  INFO -- : Condition met for event: 1003
I, [2021-02-26T14:42:31.916490 #56767]  INFO -- : {"begin_ts"=>"2020-09-16 15:00:58.16", "end_ts"=>"2020-09-16 15:01:01.456", "fan_extension_version"=>"1.05", "id"=>1003, "is_in_browser"=>true, "page_host"=>"fan.zendesk.com", "page_title"=>"Zendesk - Ticket 1234", "page_url"=>"https://fan.zendesk.com/ticket/1234", "ui_events"=>{"n_keypress"=>62, "n_mouse_click"=>0, "n_mouse_move"=>10, "n_mouse_scroll"=>1}, "user_id"=>56183}
I, [2021-02-26T14:42:31.916508 #56767]  INFO -- : {:left=>["ui_events", "n_keypress"], :right=>0, :operator=>"greater_than"}
I, [2021-02-26T14:42:31.916522 #56767]  INFO -- : condition result
I, [2021-02-26T14:42:31.916535 #56767]  INFO -- : false
I, [2021-02-26T14:42:31.916548 #56767]  INFO -- : RESULTS
I, [2021-02-26T14:42:31.916572 #56767]  INFO -- : {"begin_ts"=>"2020-09-16 15:00:58.16", "end_ts"=>"2020-09-16 15:01:01.456", "fan_extension_version"=>"1.05", "id"=>1003, "is_in_browser"=>true, "page_host"=>"fan.zendesk.com", "page_title"=>"Zendesk - Ticket 1234", "page_url"=>"https://fan.zendesk.com/ticket/1234", "ui_events"=>{"n_keypress"=>62, "n_mouse_click"=>0, "n_mouse_move"=>10, "n_mouse_scroll"=>1}, "user_id"=>56183}
I, [2021-02-26T14:42:31.916624 #56767]  INFO -- : Processing event 1004
I, [2021-02-26T14:42:31.916664 #56767]  INFO -- : condition result
I, [2021-02-26T14:42:31.916680 #56767]  INFO -- : false
I, [2021-02-26T14:42:31.916717 #56767]  INFO -- : condition result
I, [2021-02-26T14:42:31.916732 #56767]  INFO -- : false
I, [2021-02-26T14:42:31.916773 #56767]  INFO -- : Condition met for event: 1004
I, [2021-02-26T14:42:31.916806 #56767]  INFO -- : {"begin_ts"=>"2020-09-16 15:00:58.338", "end_ts"=>"2020-09-16 15:01:01.53", "fan_extension_version"=>"1.05", "id"=>1004, "is_in_browser"=>true, "page_host"=>"kb.fan.com", "page_title"=>"fan Knowledge Base // How to Put Out a Printer Fire", "page_url"=>"https://kb.fan.com/article/5678", "ui_events"=>{"n_keypress"=>62, "n_mouse_click"=>0, "n_mouse_move"=>10, "n_mouse_scroll"=>0}, "user_id"=>56182}
I, [2021-02-26T14:42:31.916824 #56767]  INFO -- : {:left=>["page_host"], :right=>"^kb\\.fan\\.com$", :operator=>"matches_regex"}
I, [2021-02-26T14:42:31.916850 #56767]  INFO -- : Condition met for event: 1004
I, [2021-02-26T14:42:31.916880 #56767]  INFO -- : {"begin_ts"=>"2020-09-16 15:00:58.338", "end_ts"=>"2020-09-16 15:01:01.53", "fan_extension_version"=>"1.05", "id"=>1004, "is_in_browser"=>true, "page_host"=>"kb.fan.com", "page_title"=>"fan Knowledge Base // How to Put Out a Printer Fire", "page_url"=>"https://kb.fan.com/article/5678", "ui_events"=>{"n_keypress"=>62, "n_mouse_click"=>0, "n_mouse_move"=>10, "n_mouse_scroll"=>0}, "user_id"=>56182}
I, [2021-02-26T14:42:31.916898 #56767]  INFO -- : {:left=>["ui_events", "n_keypress"], :right=>0, :operator=>"greater_than"}
I, [2021-02-26T14:42:31.916912 #56767]  INFO -- : condition result
I, [2021-02-26T14:42:31.916924 #56767]  INFO -- : false
I, [2021-02-26T14:42:31.916936 #56767]  INFO -- : RESULTS
I, [2021-02-26T14:42:31.916964 #56767]  INFO -- : {"begin_ts"=>"2020-09-16 15:00:58.338", "end_ts"=>"2020-09-16 15:01:01.53", "fan_extension_version"=>"1.05", "id"=>1004, "is_in_browser"=>true, "page_host"=>"kb.fan.com", "page_title"=>"fan Knowledge Base // How to Put Out a Printer Fire", "page_url"=>"https://kb.fan.com/article/5678", "ui_events"=>{"n_keypress"=>62, "n_mouse_click"=>0, "n_mouse_move"=>10, "n_mouse_scroll"=>0}, "user_id"=>56182}
I, [2021-02-26T14:42:31.917006 #56767]  INFO -- : Processing event 1005
I, [2021-02-26T14:42:31.917045 #56767]  INFO -- : condition result
I, [2021-02-26T14:42:31.917060 #56767]  INFO -- : false
I, [2021-02-26T14:42:31.917093 #56767]  INFO -- : Condition met for event: 1005
I, [2021-02-26T14:42:31.917137 #56767]  INFO -- : {"begin_ts"=>"2020-09-16 15:01:01.456", "end_ts"=>"2020-09-16 15:01:02.441", "fan_extension_version"=>"1.05", "id"=>1005, "is_in_browser"=>true, "page_host"=>"fan.zendesk.com", "page_title"=>"Zendesk - Ticket 5678", "page_url"=>"https://fan.zendesk.com/ticket/5678", "ui_events"=>{"n_keypress"=>0, "n_mouse_click"=>0, "n_mouse_move"=>10, "n_mouse_scroll"=>0}, "user_id"=>56183}
I, [2021-02-26T14:42:31.917155 #56767]  INFO -- : {:left=>["page_title"], :right=>".*Ticket \\d+", :operator=>"matches_regex"}
I, [2021-02-26T14:42:31.917185 #56767]  INFO -- : Condition met for event: 1005
I, [2021-02-26T14:42:31.917216 #56767]  INFO -- : {"begin_ts"=>"2020-09-16 15:01:01.456", "end_ts"=>"2020-09-16 15:01:02.441", "fan_extension_version"=>"1.05", "id"=>1005, "is_in_browser"=>true, "page_host"=>"fan.zendesk.com", "page_title"=>"Zendesk - Ticket 5678", "page_url"=>"https://fan.zendesk.com/ticket/5678", "ui_events"=>{"n_keypress"=>0, "n_mouse_click"=>0, "n_mouse_move"=>10, "n_mouse_scroll"=>0}, "user_id"=>56183}
I, [2021-02-26T14:42:31.917233 #56767]  INFO -- : {:left=>["page_host"], :right=>".*\\.zendesk\\.com$", :operator=>"matches_regex"}
I, [2021-02-26T14:42:31.917247 #56767]  INFO -- : condition result
I, [2021-02-26T14:42:31.917271 #56767]  INFO -- : true
I, [2021-02-26T14:42:31.917295 #56767]  INFO -- : Running action -regex_replace- on event 1005
I, [2021-02-26T14:42:31.917309 #56767]  INFO -- : Action: regex_replace
I, [2021-02-26T14:42:31.917321 #56767]  INFO -- : replacing
I, [2021-02-26T14:42:31.917340 #56767]  INFO -- : {:action=>"regex_replace", :key_path=>["page_title"], :pattern=>"(- Ticket \\d+)", :replacement=>"---", :value=>nil, :overwrite=>nil}
I, [2021-02-26T14:42:31.917374 #56767]  INFO -- : run action results
I, [2021-02-26T14:42:31.917390 #56767]  INFO -- : [nil]
I, [2021-02-26T14:42:31.917422 #56767]  INFO -- : Condition met for event: 1005
I, [2021-02-26T14:42:31.917453 #56767]  INFO -- : {"begin_ts"=>"2020-09-16 15:01:01.456", "end_ts"=>"2020-09-16 15:01:02.441", "fan_extension_version"=>"1.05", "id"=>1005, "is_in_browser"=>true, "page_host"=>"fan.zendesk.com", "page_title"=>"Zendesk - Ticket 5678", "page_url"=>"https://fan.zendesk.com/ticket/5678", "ui_events"=>{"n_keypress"=>0, "n_mouse_click"=>0, "n_mouse_move"=>10, "n_mouse_scroll"=>0}, "user_id"=>56183}
I, [2021-02-26T14:42:31.917471 #56767]  INFO -- : {:left=>["page_host"], :right=>".*\\.zendesk\\.com$", :operator=>"matches_regex"}
I, [2021-02-26T14:42:31.917505 #56767]  INFO -- : condition result
I, [2021-02-26T14:42:31.917520 #56767]  INFO -- : false
I, [2021-02-26T14:42:31.917534 #56767]  INFO -- : RESULTS
I, [2021-02-26T14:42:31.917979 #56767]  INFO -- : {"begin_ts"=>"2020-09-16 15:01:01.456", "end_ts"=>"2020-09-16 15:01:02.441", "fan_extension_version"=>"1.05", "id"=>1005, "is_in_browser"=>true, "page_host"=>"fan.zendesk.com", "page_title"=>"Zendesk - Ticket 5678", "page_url"=>"https://fan.zendesk.com/ticket/5678", "ui_events"=>{"n_keypress"=>0, "n_mouse_click"=>0, "n_mouse_move"=>10, "n_mouse_scroll"=>0}, "user_id"=>56183}
